# JRE version: Java(TM) SE Runtime Environment (10.0.2+13) (build 10.0.2+13)
# Java VM: Java HotSpot(TM) 64-Bit Server VM (10.0.2+13, mixed mode, tiered, compressed oops, g1 gc, windows-amd64)
Heap:
 garbage-first heap   total 262144K, used 35366K [0x00000006c1200000, 0x00000007c0000000)
  region size 1024K, 8 young (8192K), 4 survivors (4096K)
 Metaspace       used 29681K, capacity 30764K, committed 30848K, reserved 1075200K
  class space    used 3903K, capacity 4441K, committed 4480K, reserved 1048576K
GC Heap History (8 events):
Event: 0.648 GC heap before
{Heap before GC invocations=0 (full 0):
 garbage-first heap   total 262144K, used 14336K [0x00000006c1200000, 0x00000007c0000000)
  region size 1024K, 14 young (14336K), 0 survivors (0K)
 Metaspace       used 13703K, capacity 14171K, committed 14464K, reserved 1062912K
  class space    used 1576K, capacity 1800K, committed 1920K, reserved 1048576K
}
Event: 0.652 GC heap after
{Heap after GC invocations=1 (full 0):
 garbage-first heap   total 262144K, used 3747K [0x00000006c1200000, 0x00000007c0000000)
  region size 1024K, 2 young (2048K), 2 survivors (2048K)
 Metaspace       used 13703K, capacity 14171K, committed 14464K, reserved 1062912K
  class space    used 1576K, capacity 1800K, committed 1920K, reserved 1048576K
}
Event: 0.959 GC heap before
{Heap before GC invocations=1 (full 0):
 garbage-first heap   total 262144K, used 15011K [0x00000006c1200000, 0x00000007c0000000)
  region size 1024K, 13 young (13312K), 2 survivors (2048K)
 Metaspace       used 20039K, capacity 20809K, committed 21120K, reserved 1067008K
  class space    used 2746K, capacity 3101K, committed 3200K, reserved 1048576K
}
Event: 0.965 GC heap after
{Heap after GC invocations=2 (full 0):
 garbage-first heap   total 262144K, used 6582K [0x00000006c1200000, 0x00000007c0000000)
  region size 1024K, 2 young (2048K), 2 survivors (2048K)
 Metaspace       used 20039K, capacity 20809K, committed 21120K, reserved 1067008K
  class space    used 2746K, capacity 3101K, committed 3200K, reserved 1048576K
}
Event: 0.998 GC heap before
{Heap before GC invocations=2 (full 0):
 garbage-first heap   total 262144K, used 7606K [0x00000006c1200000, 0x00000007c0000000)
  region size 1024K, 4 young (4096K), 2 survivors (2048K)
 Metaspace       used 20404K, capacity 21120K, committed 21296K, reserved 1067008K
  class space    used 2773K, capacity 3139K, committed 3200K, reserved 1048576K
}
Event: 1.001 GC heap after
{Heap after GC invocations=3 (full 0):
 garbage-first heap   total 262144K, used 7134K [0x00000006c1200000, 0x00000007c0000000)
  region size 1024K, 3 young (3072K), 3 survivors (3072K)
 Metaspace       used 20404K, capacity 21120K, committed 21296K, reserved 1067008K
  class space    used 2773K, capacity 3139K, committed 3200K, reserved 1048576K
}
Event: 165.179 GC heap before
{Heap before GC invocations=4 (full 0):
 garbage-first heap   total 262144K, used 73694K [0x00000006c1200000, 0x00000007c0000000)
  region size 1024K, 29 young (29696K), 3 survivors (3072K)
 Metaspace       used 28794K, capacity 29740K, committed 30080K, reserved 1075200K
  class space    used 3712K, capacity 4186K, committed 4224K, reserved 1048576K
}
Event: 165.184 GC heap after
{Heap after GC invocations=5 (full 0):
 garbage-first heap   total 262144K, used 32294K [0x00000006c1200000, 0x00000007c0000000)
  region size 1024K, 4 young (4096K), 4 survivors (4096K)
 Metaspace       used 28794K, capacity 29740K, committed 30080K, reserved 1075200K
  class space    used 3712K, capacity 4186K, committed 4224K, reserved 1048576K
}

