# JRE version: Java(TM) SE Runtime Environment (10.0.2+13) (build 10.0.2+13)
# Java VM: Java HotSpot(TM) 64-Bit Server VM (10.0.2+13, mixed mode, tiered, compressed oops, g1 gc, windows-amd64)
Heap:
 garbage-first heap   total 262144K, used 40717K [0x00000006c1200000, 0x00000007c0000000)
  region size 1024K, 9 young (9216K), 4 survivors (4096K)
 Metaspace       used 29472K, capacity 30541K, committed 30848K, reserved 1075200K
  class space    used 3875K, capacity 4392K, committed 4480K, reserved 1048576K
GC Heap History (8 events):
Event: 0.655 GC heap before
{Heap before GC invocations=0 (full 0):
 garbage-first heap   total 262144K, used 14336K [0x00000006c1200000, 0x00000007c0000000)
  region size 1024K, 14 young (14336K), 0 survivors (0K)
 Metaspace       used 13707K, capacity 14171K, committed 14464K, reserved 1062912K
  class space    used 1573K, capacity 1800K, committed 1920K, reserved 1048576K
}
Event: 0.659 GC heap after
{Heap after GC invocations=1 (full 0):
 garbage-first heap   total 262144K, used 3992K [0x00000006c1200000, 0x00000007c0000000)
  region size 1024K, 2 young (2048K), 2 survivors (2048K)
 Metaspace       used 13707K, capacity 14171K, committed 14464K, reserved 1062912K
  class space    used 1573K, capacity 1800K, committed 1920K, reserved 1048576K
}
Event: 0.922 GC heap before
{Heap before GC invocations=1 (full 0):
 garbage-first heap   total 262144K, used 14232K [0x00000006c1200000, 0x00000007c0000000)
  region size 1024K, 12 young (12288K), 2 survivors (2048K)
 Metaspace       used 19093K, capacity 19731K, committed 19968K, reserved 1067008K
  class space    used 2491K, capacity 2803K, committed 2816K, reserved 1048576K
}
Event: 0.927 GC heap after
{Heap after GC invocations=2 (full 0):
 garbage-first heap   total 262144K, used 6399K [0x00000006c1200000, 0x00000007c0000000)
  region size 1024K, 2 young (2048K), 2 survivors (2048K)
 Metaspace       used 19093K, capacity 19731K, committed 19968K, reserved 1067008K
  class space    used 2491K, capacity 2803K, committed 2816K, reserved 1048576K
}
Event: 0.993 GC heap before
{Heap before GC invocations=2 (full 0):
 garbage-first heap   total 262144K, used 9471K [0x00000006c1200000, 0x00000007c0000000)
  region size 1024K, 6 young (6144K), 2 survivors (2048K)
 Metaspace       used 20350K, capacity 21021K, committed 21296K, reserved 1067008K
  class space    used 2762K, capacity 3106K, committed 3200K, reserved 1048576K
}
Event: 0.996 GC heap after
{Heap after GC invocations=3 (full 0):
 garbage-first heap   total 262144K, used 7089K [0x00000006c1200000, 0x00000007c0000000)
  region size 1024K, 3 young (3072K), 3 survivors (3072K)
 Metaspace       used 20350K, capacity 21021K, committed 21296K, reserved 1067008K
  class space    used 2762K, capacity 3106K, committed 3200K, reserved 1048576K
}
Event: 29.638 GC heap before
{Heap before GC invocations=4 (full 0):
 garbage-first heap   total 262144K, used 61361K [0x00000006c1200000, 0x00000007c0000000)
  region size 1024K, 30 young (30720K), 3 survivors (3072K)
 Metaspace       used 29367K, capacity 30446K, committed 30848K, reserved 1075200K
  class space    used 3872K, capacity 4387K, committed 4480K, reserved 1048576K
}
Event: 29.644 GC heap after
{Heap after GC invocations=5 (full 0):
 garbage-first heap   total 262144K, used 24333K [0x00000006c1200000, 0x00000007c0000000)
  region size 1024K, 4 young (4096K), 4 survivors (4096K)
 Metaspace       used 29367K, capacity 30446K, committed 30848K, reserved 1075200K
  class space    used 3872K, capacity 4387K, committed 4480K, reserved 1048576K
}

