# JRE version: Java(TM) SE Runtime Environment (10.0.2+13) (build 10.0.2+13)
# Java VM: Java HotSpot(TM) 64-Bit Server VM (10.0.2+13, mixed mode, tiered, compressed oops, g1 gc, windows-amd64)
Heap:
 garbage-first heap   total 262144K, used 16571K [0x00000006c1200000, 0x00000007c0000000)
  region size 1024K, 9 young (9216K), 4 survivors (4096K)
 Metaspace       used 28276K, capacity 29367K, committed 29696K, reserved 1075200K
  class space    used 3758K, capacity 4269K, committed 4352K, reserved 1048576K
GC Heap History (8 events):
Event: 0.570 GC heap before
{Heap before GC invocations=0 (full 0):
 garbage-first heap   total 262144K, used 14336K [0x00000006c1200000, 0x00000007c0000000)
  region size 1024K, 14 young (14336K), 0 survivors (0K)
 Metaspace       used 13668K, capacity 14170K, committed 14464K, reserved 1062912K
  class space    used 1575K, capacity 1800K, committed 1920K, reserved 1048576K
}
Event: 0.574 GC heap after
{Heap after GC invocations=1 (full 0):
 garbage-first heap   total 262144K, used 3748K [0x00000006c1200000, 0x00000007c0000000)
  region size 1024K, 2 young (2048K), 2 survivors (2048K)
 Metaspace       used 13668K, capacity 14170K, committed 14464K, reserved 1062912K
  class space    used 1575K, capacity 1800K, committed 1920K, reserved 1048576K
}
Event: 0.827 GC heap before
{Heap before GC invocations=1 (full 0):
 garbage-first heap   total 262144K, used 13988K [0x00000006c1200000, 0x00000007c0000000)
  region size 1024K, 12 young (12288K), 2 survivors (2048K)
 Metaspace       used 19074K, capacity 19731K, committed 19968K, reserved 1067008K
  class space    used 2496K, capacity 2803K, committed 2816K, reserved 1048576K
}
Event: 0.831 GC heap after
{Heap after GC invocations=2 (full 0):
 garbage-first heap   total 262144K, used 6472K [0x00000006c1200000, 0x00000007c0000000)
  region size 1024K, 2 young (2048K), 2 survivors (2048K)
 Metaspace       used 19074K, capacity 19731K, committed 19968K, reserved 1067008K
  class space    used 2496K, capacity 2803K, committed 2816K, reserved 1048576K
}
Event: 0.902 GC heap before
{Heap before GC invocations=2 (full 0):
 garbage-first heap   total 262144K, used 9544K [0x00000006c1200000, 0x00000007c0000000)
  region size 1024K, 6 young (6144K), 2 survivors (2048K)
 Metaspace       used 20398K, capacity 21120K, committed 21296K, reserved 1067008K
  class space    used 2773K, capacity 3139K, committed 3200K, reserved 1048576K
}
Event: 0.905 GC heap after
{Heap after GC invocations=3 (full 0):
 garbage-first heap   total 262144K, used 7321K [0x00000006c1200000, 0x00000007c0000000)
  region size 1024K, 3 young (3072K), 3 survivors (3072K)
 Metaspace       used 20398K, capacity 21120K, committed 21296K, reserved 1067008K
  class space    used 2773K, capacity 3139K, committed 3200K, reserved 1048576K
}
Event: 182.642 GC heap before
{Heap before GC invocations=4 (full 0):
 garbage-first heap   total 262144K, used 37017K [0x00000006c1200000, 0x00000007c0000000)
  region size 1024K, 30 young (30720K), 3 survivors (3072K)
 Metaspace       used 28267K, capacity 29367K, committed 29696K, reserved 1075200K
  class space    used 3758K, capacity 4269K, committed 4352K, reserved 1048576K
}
Event: 182.650 GC heap after
{Heap after GC invocations=5 (full 0):
 garbage-first heap   total 262144K, used 12475K [0x00000006c1200000, 0x00000007c0000000)
  region size 1024K, 4 young (4096K), 4 survivors (4096K)
 Metaspace       used 28267K, capacity 29367K, committed 29696K, reserved 1075200K
  class space    used 3758K, capacity 4269K, committed 4352K, reserved 1048576K
}

