# JRE version: Java(TM) SE Runtime Environment (10.0.2+13) (build 10.0.2+13)
# Java VM: Java HotSpot(TM) 64-Bit Server VM (10.0.2+13, mixed mode, tiered, compressed oops, g1 gc, windows-amd64)
Heap:
 garbage-first heap   total 262144K, used 25210K [0x00000006c1200000, 0x00000007c0000000)
  region size 1024K, 6 young (6144K), 4 survivors (4096K)
 Metaspace       used 28044K, capacity 29080K, committed 29440K, reserved 1075200K
  class space    used 3742K, capacity 4248K, committed 4352K, reserved 1048576K
GC Heap History (8 events):
Event: 0.536 GC heap before
{Heap before GC invocations=0 (full 0):
 garbage-first heap   total 262144K, used 14336K [0x00000006c1200000, 0x00000007c0000000)
  region size 1024K, 14 young (14336K), 0 survivors (0K)
 Metaspace       used 13684K, capacity 14170K, committed 14464K, reserved 1062912K
  class space    used 1576K, capacity 1800K, committed 1920K, reserved 1048576K
}
Event: 0.540 GC heap after
{Heap after GC invocations=1 (full 0):
 garbage-first heap   total 262144K, used 3972K [0x00000006c1200000, 0x00000007c0000000)
  region size 1024K, 2 young (2048K), 2 survivors (2048K)
 Metaspace       used 13684K, capacity 14170K, committed 14464K, reserved 1062912K
  class space    used 1576K, capacity 1800K, committed 1920K, reserved 1048576K
}
Event: 0.796 GC heap before
{Heap before GC invocations=1 (full 0):
 garbage-first heap   total 262144K, used 14212K [0x00000006c1200000, 0x00000007c0000000)
  region size 1024K, 12 young (12288K), 2 survivors (2048K)
 Metaspace       used 18796K, capacity 19425K, committed 19712K, reserved 1067008K
  class space    used 2432K, capacity 2743K, committed 2816K, reserved 1048576K
}
Event: 0.800 GC heap after
{Heap after GC invocations=2 (full 0):
 garbage-first heap   total 262144K, used 6314K [0x00000006c1200000, 0x00000007c0000000)
  region size 1024K, 2 young (2048K), 2 survivors (2048K)
 Metaspace       used 18796K, capacity 19425K, committed 19712K, reserved 1067008K
  class space    used 2432K, capacity 2743K, committed 2816K, reserved 1048576K
}
Event: 0.878 GC heap before
{Heap before GC invocations=2 (full 0):
 garbage-first heap   total 262144K, used 9386K [0x00000006c1200000, 0x00000007c0000000)
  region size 1024K, 6 young (6144K), 2 survivors (2048K)
 Metaspace       used 20319K, capacity 21053K, committed 21296K, reserved 1067008K
  class space    used 2767K, capacity 3138K, committed 3200K, reserved 1048576K
}
Event: 0.881 GC heap after
{Heap after GC invocations=3 (full 0):
 garbage-first heap   total 262144K, used 7093K [0x00000006c1200000, 0x00000007c0000000)
  region size 1024K, 3 young (3072K), 3 survivors (3072K)
 Metaspace       used 20319K, capacity 21053K, committed 21296K, reserved 1067008K
  class space    used 2767K, capacity 3138K, committed 3200K, reserved 1048576K
}
Event: 10.306 GC heap before
{Heap before GC invocations=4 (full 0):
 garbage-first heap   total 262144K, used 135093K [0x00000006c1200000, 0x00000007c0000000)
  region size 1024K, 19 young (19456K), 3 survivors (3072K)
 Metaspace       used 28024K, capacity 29080K, committed 29440K, reserved 1075200K
  class space    used 3742K, capacity 4248K, committed 4352K, reserved 1048576K
}
Event: 10.311 GC heap after
{Heap after GC invocations=5 (full 0):
 garbage-first heap   total 262144K, used 67194K [0x00000006c1200000, 0x00000007c0000000)
  region size 1024K, 4 young (4096K), 4 survivors (4096K)
 Metaspace       used 28024K, capacity 29080K, committed 29440K, reserved 1075200K
  class space    used 3742K, capacity 4248K, committed 4352K, reserved 1048576K
}

